IQ-TREE multicore version 2.3.5.cmaple COVID-edition for Linux x86 64-bit built May 27 2024
Developed by Bui Quang Minh, James Barbetti, Nguyen Lam Tung, Olga Chernomor,
Heiko Schmidt, Dominik Schrempf, Michael Woodhams, Ly Trong Nhan, Thomas Wong

Host:    ae321c9b2f91 (AVX2, FMA3, 7 GB RAM)
Command: iqtree -ntmax 4 -s filt-aligned-delim.fasta -m GTR+F -ninit 2 -n 2 -me 0.05 -nt AUTO -redo
Seed:    523735 (Using SPRNG - Scalable Parallel Random Number Generator)
Time:    Wed Jan  8 06:37:23 2025
Kernel:  AVX+FMA - auto-detect threads (6 CPU cores detected)

Reading alignment file filt-aligned-delim.fasta ... Fasta format detected
Reading fasta file: done in 0.15655 secs using 88.38% CPU
Alignment most likely contains DNA/RNA sequences
Alignment has 840 sequences with 10769 columns, 8760 distinct patterns
2277 parsimony-informative, 1672 singleton sites, 6820 constant sites
            Gap/Ambiguity  Composition  p-value
Analyzing sequences: done in 0.0125936 secs using 569.2% CPU
   1  KX369547.1    0.00%    passed     99.35%
   2  KX447509      1.70%    passed     99.86%
   3  KX447514      1.69%    passed     99.67%
   4  KX447512      1.71%    passed     99.97%
   5  KX447515      1.69%    passed     99.92%
   6  KX447511      1.72%    passed     99.95%
   7  KX447510      1.69%    passed     99.72%
   8  KY766069      0.00%    passed     99.84%
   9  MG976700      4.73%    passed     98.58%
  10  KJ776791      0.00%    passed     99.40%
  11  KX806557      0.00%    passed     98.37%
  12  KX447513      1.26%    passed     99.97%
  13  KX447519     15.72%    passed     84.48%
  14  KX447518     15.08%    passed     91.91%
  15  KX447516      1.08%    passed     99.91%
  16  KX447517      1.08%    passed     99.95%
  17  KY558999      1.90%    passed     99.81%
  18  KY559005      1.96%    passed     99.81%
  19  KY559013      1.90%    passed     99.90%
  20  KY559024      9.41%    passed     86.26%
  21  KY559018     11.83%    passed     72.26%
  22  KY559019     11.76%    passed     73.89%
  23  KY559007      1.92%    passed     99.94%
  24  KY559023      8.37%    passed     94.16%
  25  KY558989      8.57%    passed     97.21%
  26  KY558995      8.60%    passed     94.75%
  27  KY559002     31.15%    passed     80.25%
  28  KU321639      1.00%    passed     99.98%
  29  KU509998      0.00%    passed     99.15%
  30  PQ129535      4.62%    passed     99.11%
  31  MF352141      0.00%    passed     99.52%
  32  MT078742      4.64%    passed     99.38%
  33  PP316139      0.00%    passed     99.50%
  34  PP316140      0.00%    passed     99.47%
  35  KX051563      0.01%    passed     99.12%
  36  KY558994     16.58%    passed     86.91%
  37  KY558998     12.01%    passed     95.65%
  38  KY558996      7.09%    passed     96.46%
  39  MH513598      1.24%    passed     99.97%
  40  MH513599      1.04%    passed    100.00%
  41  MF073358      0.00%    passed     99.00%
  42  MF073359      0.00%    passed     96.42%
  43  KX197205      0.00%    passed     98.42%
  44  OQ727567      5.65%    passed     99.90%
  45  OQ727570     10.60%    passed     85.28%
  46  OQ727575     11.76%    passed     83.52%
  47  OQ727572     15.09%    passed     78.70%
  48  OQ727574     17.83%    passed     92.07%
  49  OQ727568      9.47%    passed     98.71%
  50  OQ727571     15.90%    passed     86.51%
  51  OQ727577     19.10%    passed     91.29%
  52  OQ727578      3.03%    passed     98.78%
  53  KU926309      0.00%    passed     98.70%
  54  KY272991      0.00%    passed     99.59%
  55  KU707826      1.12%    passed     99.97%
  56  KY559020     21.48%    passed     82.19%
  57  KY014296      0.00%    passed     99.95%
  58  KY014320      0.18%    passed     99.99%
  59  KY014317      0.17%    passed     99.87%
  60  KY559031     13.93%    passed     71.19%
  61  KY559027      4.10%    passed     98.26%
  62  KY559032     14.51%    passed     67.72%
  63  KX879603      0.00%    passed     98.86%
  64  KX879604      0.00%    passed     98.86%
  65  MF794971      0.10%    passed     99.48%
  66  PP431214      9.36%    passed     93.69%
  67  PP431215      1.64%    passed     99.91%
  68  PP431216      1.64%    passed     99.91%
  69  PP431217      1.64%    passed     99.90%
  70  PP431236      1.63%    passed     99.84%
  71  PP431240      1.63%    passed     99.88%
  72  PP431234      1.64%    passed     99.91%
  73  PP431246      1.63%    passed     99.92%
  74  PP431220      1.63%    passed     99.88%
  75  PP431232      1.63%    passed     99.86%
  76  PP431230      1.63%    passed     99.66%
  77  PP431223      1.63%    passed     99.80%
  78  PP431228      1.63%    passed     99.78%
  79  PP431251      0.00%    passed     99.50%
  80  MK049248      3.58%    passed     97.27%
  81  MK049249      5.38%    passed     92.61%
  82  MK049252     44.07%    passed     62.77%
  83  KU647676      1.42%    passed     99.99%
  84  KU922923      1.42%    passed     99.91%
  85  KU922960      1.42%    passed     99.96%
  86  KY785451     23.95%    passed     50.14%
  87  KU820897      0.00%    passed     99.33%
  88  OK571913      0.00%    passed     99.52%
  89  KX087102      0.01%    passed     99.34%
  90  KY989971      0.00%    passed     99.66%
  91  KX156774      0.19%    passed     99.49%
  92  KX156776      0.33%    passed     99.39%
  93  KX156775      0.33%    passed     99.20%
  94  KX247646      0.00%    passed     99.44%
  95  KX702400      0.00%    passed     99.84%
  96  MN577543      0.00%    passed     99.62%
  97  KY014303      0.32%    passed     99.98%
  98  KY317938      3.56%    passed     93.65%
  99  MN100039      0.07%    passed     99.46%
 100  MN124090      0.12%    passed     99.67%
 101  MN124091      0.14%    passed     99.53%
 102  KY317936      3.54%    passed     95.00%
 103  KY317939      1.51%    passed     99.95%
 104  MK049245      5.38%    passed     91.32%
 105  MK049246      5.38%    passed     89.56%
 106  MK049250     17.93%    passed     94.57%
 107  OP898541      1.18%    passed     99.77%
 108  OP898542      1.21%    passed     99.85%
 109  PP431218      8.86%    passed     98.93%
 110  PP431221      1.63%    passed     99.89%
 111  PP431231      1.63%    passed     99.55%
 112  PP431219      1.63%    passed     99.90%
 113  PP431222      1.63%    passed     99.84%
 114  PP431238      1.63%    passed     99.91%
 115  PP431224      1.63%    passed     99.83%
 116  PP431244      1.63%    passed     99.89%
 117  PP431242      1.64%    passed     99.78%
 118  PP431243      1.63%    passed     99.77%
 119  PP431241      1.63%    passed     99.85%
 120  PP431248      1.63%    passed     99.82%
 121  PP431245      1.63%    passed     99.96%
 122  PP431225      1.63%    passed     99.55%
 123  PP431229      1.63%    passed     99.94%
 124  PP431237      1.63%    passed     99.76%
 125  PP431233      1.63%    passed     99.96%
 126  PP431235      1.63%    passed     99.88%
 127  PP431239      1.63%    passed     99.84%
 128  PP431249      1.63%    passed     99.83%
 129  PP431250      0.07%    passed     99.70%
 130  PP431247      1.63%    passed     99.97%
 131  PP431226      1.63%    passed     99.69%
 132  PP431227      1.63%    passed     99.93%
 133  KY317937      2.86%    passed     96.60%
 134  KY317940      3.52%    passed     98.41%
 135  KY785466      3.89%    passed     95.05%
 136  KY785469      1.63%    passed     99.97%
 137  KY693678      0.97%    passed     99.97%
 138  KY693679      0.76%    passed     99.95%
 139  KY075932      1.54%    passed     99.94%
 140  KY559000     19.71%    passed     81.78%
 141  MH513600      1.04%    passed     99.84%
 142  KU312312      3.68%    passed     98.22%
 143  KU758877      3.77%    passed     99.19%
 144  KU937936      2.12%    passed     99.90%
 145  PQ129533      4.62%    passed     99.84%
 146  KY785464      3.07%    passed     99.73%
 147  MW122378      4.92%    passed     99.81%
 148  MW122373     11.24%    passed     94.03%
 149  MW122411      4.62%    passed     99.88%
 150  MW122433      4.62%    passed    100.00%
 151  MW122408      4.62%    passed     99.99%
 152  MW122420      4.62%    passed     99.55%
 153  MW122377      4.62%    passed     99.98%
 154  MW122399      5.06%    passed     99.60%
 155  MW122438      4.62%    passed     99.84%
 156  MW122403      4.62%    passed     99.55%
 157  MW122442      4.62%    passed     99.87%
 158  MW122392      8.29%    passed     99.20%
 159  MW122376      5.29%    passed     99.05%
 160  MW122417      4.62%    passed     99.93%
 161  MW122418     10.56%    passed     78.99%
 162  MW122425      4.62%    passed     99.99%
 163  MW122383      5.07%    passed     99.62%
 164  MW122446      4.62%    passed     99.81%
 165  MW122380      7.93%    passed     97.02%
 166  MW122385      4.62%    passed     99.90%
 167  MW122436      4.62%    passed    100.00%
 168  MW122437      4.86%    passed     99.99%
 169  MW122430     29.62%    passed     98.53%
 170  MW122429      4.62%    passed     99.96%
 171  MW122447      4.62%    passed     99.78%
 172  MW122375      4.62%    passed     99.51%
 173  MW122393     16.61%    passed     99.05%
 174  MW122444      6.49%    passed     99.88%
 175  MW122445      8.16%    passed     99.82%
 176  MW122448      4.62%    passed     99.96%
 177  MW122374      5.51%    passed     99.98%
 178  MW122439      4.62%    passed     99.96%
 179  MW122389      4.62%    passed     99.98%
 180  MW122410      4.68%    passed     99.86%
 181  MW122454      4.62%    passed    100.00%
 182  MW122382      5.28%    passed     99.66%
 183  MW122400     11.06%    passed     99.39%
 184  MW122451      4.62%    passed     99.99%
 185  MW122397     16.84%    passed     92.62%
 186  MW122412      4.62%    passed     99.95%
 187  MW122419      4.62%    passed     98.64%
 188  MW122432      4.62%    passed     99.40%
 189  MW122422      5.92%    passed     99.95%
 190  MW122449      4.77%    passed     99.85%
 191  MW122395     29.61%    passed     84.43%
 192  MW122384      8.46%    passed     98.41%
 193  KY348640      0.00%    passed     98.75%
 194  KY441403      1.37%    passed     99.77%
 195  MF073357      0.00%    passed     98.57%
 196  KY014297      1.57%    passed    100.00%
 197  KY785450      3.08%    passed     99.09%
 198  KU501215      1.02%    passed     99.98%
 199  MK713748      1.02%    passed     99.98%
 200  KX377337      0.00%    passed     98.08%
 201  MH675624      0.00%    passed     95.20%
 202  MH675620      0.00%    passed     99.02%
 203  MH675622      0.00%    passed     96.75%
 204  KX601168      0.85%    passed     99.74%
 205  KX087101      0.11%    passed     98.23%
 206  MN171421      6.91%    passed     91.02%
 207  MH675623      0.00%    passed     93.69%
 208  KY075934      1.39%    passed     99.73%
 209  MH675621      0.00%    passed     96.35%
 210  KY785462      8.86%    passed     98.51%
 211  MH675619      0.00%    passed     97.18%
 212  MH675628      0.00%    passed     97.64%
 213  KY075933      3.52%    passed     98.11%
 214  MW165881      5.53%    passed     96.25%
 215  MW165884      5.38%    passed     95.82%
 216  MW165883      3.58%    passed     97.13%
 217  MW165882      5.51%    passed     95.23%
 218  KY785481     32.29%    passed     97.51%
 219  MH675626      0.00%    passed     97.71%
 220  KY559030     43.48%    passed     78.06%
 221  MK241415      1.42%    passed     99.88%
 222  MK241417      1.42%    passed     99.92%
 223  MK241416      1.42%    passed     99.99%
 224  MW165880      1.73%    passed     99.87%
 225  KU820898      4.62%    passed     99.49%
 226  KU955590      1.87%    passed     99.94%
 227  KY379148      0.73%    passed     99.98%
 228  MF167360      1.67%    passed     99.98%
 229  KX056898      4.62%    passed     98.75%
 230  OP858729      2.13%    passed     99.93%
 231  OP858730      2.13%    passed     99.94%
 232  OP858731      2.13%    passed     99.96%
 233  OP858732      2.13%    passed     99.96%
 234  KX766028      0.95%    passed     99.96%
 235  MK216693     15.99%    passed     82.05%
 236  MT483911      1.00%    passed    100.00%
 237  KY558997     45.48%    passed     79.98%
 238  KU497555      0.00%    passed     99.32%
 239  KY559001     22.18%    passed     96.05%
 240  KY559003      9.15%    passed     96.99%
 241  KU940224      2.28%    passed     98.85%
 242  KU940228      1.00%    passed    100.00%
 243  KU940227     17.83%    passed     81.19%
 244  KX520666      2.15%    passed     99.87%
 245  KX548902      1.44%    passed     99.66%
 246  OP858760     32.87%    passed     71.04%
 247  KY558992     30.75%    passed     62.32%
 248  KY559017     10.79%    passed     76.22%
 249  MT636065      0.00%    passed     99.44%
 250  MW008559      0.93%    passed     99.93%
 251  MH882529      0.20%    passed     98.97%
 252  MH882530      0.20%    passed     99.31%
 253  MH882532      0.20%    passed     99.38%
 254  MH882541      0.20%    passed     99.19%
 255  MH882535      0.00%    passed     99.00%
 256  MH882534      0.19%    passed     99.31%
 257  MH882536      0.00%    passed     98.92%
 258  MH882539      0.73%    passed     99.88%
 259  MH882540      0.39%    passed     99.61%
 260  MH882531      0.20%    passed     99.41%
 261  MH882533      0.46%    passed     99.76%
 262  MH882538      0.00%    passed     99.15%
 263  MW123921      1.22%    passed     99.99%
 264  MH882537      5.66%    passed     99.68%
 265  MW123922      3.56%    passed     99.80%
 266  MH882543      0.00%    passed     97.36%
 267  MH882545      0.00%    passed     98.13%
 268  MH882546      0.00%    passed     98.13%
 269  MH882547      0.20%    passed     99.02%
 270  MH882548      0.00%    passed     98.13%
 271  MH882544      0.08%    passed     98.50%
 272  MH882549      1.22%    passed     96.75%
 273  KU853012      1.41%    passed     99.93%
 274  KX269878      1.39%    passed     99.95%
 275  MN566104      0.00%    passed     99.14%
 276  MN566105      0.00%    passed     99.14%
 277  MN566107      0.00%    passed     99.14%
 278  MN566108      0.00%    passed     99.14%
 279  MN566106      0.00%    passed     99.11%
 280  OL450364      0.00%    passed     99.07%
 281  OL450365      0.00%    passed     98.82%
 282  OL450366      0.00%    passed     98.52%
 283  MF098764      6.44%    passed     94.77%
 284  MF098765      6.44%    passed     97.89%
 285  MF098766      4.00%    passed     97.97%
 286  MF098768      4.00%    passed     98.94%
 287  MF098769      4.00%    passed     98.94%
 288  KX922707      1.50%    passed     99.67%
 289  KY014316      0.39%    passed     98.21%
 290  KY014305      3.77%    passed     98.08%
 291  KY785423      5.68%    passed     96.84%
 292  KY014318      1.48%    passed     99.87%
 293  KY785420      1.38%    passed     99.94%
 294  KY014300      0.16%    passed     98.67%
 295  KY785453      5.75%    passed     89.60%
 296  LC190723      0.02%    passed     98.70%
 297  KY785435      1.91%    passed     99.87%
 298  KX832731      2.81%    passed     99.49%
 299  KX922703      3.76%    passed     98.35%
 300  KY075935      3.76%    passed     98.84%
 301  KX922706      1.50%    passed     99.95%
 302  KX842449      3.53%    passed     98.19%
 303  KY014295      0.00%    passed     98.50%
 304  KY325477      1.49%    passed     97.93%
 305  KY325472      0.00%    passed     98.50%
 306  MK269359      0.00%    passed     98.50%
 307  KY014326     18.64%    passed     99.57%
 308  KY785445      3.15%    passed     99.47%
 309  KY785443     22.37%    passed     74.52%
 310  KY014304      0.00%    passed     98.24%
 311  KY785476      3.10%    passed     99.61%
 312  KY014321      0.00%    passed     98.23%
 313  KY785415      3.19%    passed     98.95%
 314  KY785465      5.66%    passed     99.83%
 315  KY325464      0.00%    passed     97.60%
 316  KY325476      0.35%    passed     97.60%
 317  KY325473      0.00%    passed     99.02%
 318  KY785459      8.03%    passed     92.85%
 319  MK269357      2.45%    passed     99.66%
 320  KY014302      1.79%    passed     99.91%
 321  KY559029     43.41%    passed     40.52%
 322  MK560179      6.73%    passed     97.94%
 323  MW122416      4.84%    passed     99.63%
 324  MW122428      4.62%    passed     99.19%
 325  KY785475      3.84%    passed     97.92%
 326  KY014314      0.88%    passed     99.97%
 327  KY785424     12.99%    passed     93.48%
 328  KY785413     22.86%    passed     97.52%
 329  KY785441      3.76%    passed     98.45%
 330  MF438286      4.62%    passed     99.68%
 331  KY785425     12.64%    passed     96.69%
 332  MF664436      2.48%    passed     99.69%
 333  MH063264      3.75%    passed     97.52%
 334  KY120352      4.62%    passed     99.79%
 335  KY325474     47.87%    passed     43.42%
 336  KY785470      9.95%    passed     87.94%
 337  KU501216      4.62%    passed     98.56%
 338  KU501217      4.62%    passed     98.84%
 339  MW122381      5.05%    passed     99.70%
 340  MW122434      4.62%    passed     99.03%
 341  MW122423      4.62%    passed     99.59%
 342  MF593625      4.62%    passed     98.84%
 343  KX421194      1.76%    passed     99.83%
 344  KX421195      1.18%    passed     99.99%
 345  OK054438      0.00%    passed     98.96%
 346  OK054393      0.00%    passed     99.00%
 347  OK054407      0.00%    passed     98.79%
 348  OK054408      0.00%    passed     99.09%
 349  OK054467      0.00%    passed     98.59%
 350  OK054461      0.03%    passed     99.21%
 351  OK054385      0.10%    passed     99.05%
 352  OK054389      0.03%    passed     99.43%
 353  OK054406      0.04%    passed     99.27%
 354  OK054387      0.01%    passed     98.75%
 355  OK054476      0.05%    passed     98.76%
 356  OK054419      0.07%    passed     98.50%
 357  OK054388      0.07%    passed     99.03%
 358  KY014315      3.76%    passed     99.19%
 359  KY785418      3.79%    passed     98.22%
 360  KX262887      0.00%    passed     97.48%
 361  KX694534      0.18%    passed     97.68%
 362  KY014312      0.00%    passed     99.83%
 363  KY328289      0.00%    passed     99.61%
 364  MH675630      0.00%    passed     99.75%
 365  MN577550      0.00%    passed     99.32%
 366  KY765317      0.24%    passed     99.61%
 367  KY765322      1.31%    passed     99.80%
 368  OK054396      0.30%    passed     99.65%
 369  OK054425      0.14%    passed     99.58%
 370  OK054443      0.14%    passed     99.50%
 371  OK054444      0.14%    passed     99.50%
 372  OK054480      0.28%    passed     99.45%
 373  OK054473      0.20%    passed     99.61%
 374  OK054478      0.25%    passed     99.75%
 375  OK054429      0.00%    passed     99.79%
 376  OK054403      0.27%    passed     99.22%
 377  KY765321      3.45%    passed     94.47%
 378  OK054440      0.85%    passed     99.95%
 379  OK054474      0.26%    passed     99.48%
 380  KY693676      0.71%    passed     99.83%
 381  KY785414     11.81%    passed     96.82%
 382  KY014310      1.07%    passed     99.84%
 383  KY693677      0.71%    passed     99.40%
 384  KY765325      0.26%    passed     98.77%
 385  KY765327      0.26%    passed     98.77%
 386  OK054470      0.00%    passed     98.34%
 387  OK054471      0.00%    passed     99.26%
 388  OK054405      0.07%    passed     99.03%
 389  OK054456      0.07%    passed     99.05%
 390  OK054483      0.00%    passed     98.65%
 391  OK054486      0.13%    passed     99.65%
 392  OK054458      0.00%    passed     98.91%
 393  MF434517      0.02%    passed     99.13%
 394  OK054383      2.09%    passed     98.63%
 395  OK054449      0.14%    passed     99.58%
 396  OK054457      0.07%    passed     99.19%
 397  OK054434      0.00%    passed     99.17%
 398  KY120348      0.24%    passed     98.50%
 399  KY120349      1.36%    passed     99.78%
 400  KY606272      0.00%    passed     97.24%
 401  ON586853      0.00%    passed     97.95%
 402  KY631493      0.83%    passed     99.76%
 403  KY631494      0.33%    passed     99.23%
 404  MF801395      0.92%    passed     99.86%
 405  MF801413      0.65%    passed     99.41%
 406  MH157201      8.30%    passed     99.91%
 407  MH157213      1.00%    passed     99.98%
 408  MH157199      3.39%    passed     99.72%
 409  MH157202      1.02%    passed     99.87%
 410  MH157205      2.98%    passed     99.63%
 411  MF801394     39.00%    passed     50.83%
 412  MF801398      0.79%    passed     98.66%
 413  KY765323      0.53%    passed     99.70%
 414  KY765326      1.32%    passed     99.94%
 415  MK713750      7.17%    passed     94.19%
 416  KX906952      0.39%    passed     98.81%
 417  MF801384      1.99%    passed     99.91%
 418  OK054462      0.03%    passed     98.92%
 419  MF801396      1.60%    passed     99.34%
 420  MF801402      0.42%    passed     99.80%
 421  MF801387      0.84%    passed     99.91%
 422  MF801418      0.82%    passed     99.32%
 423  MF801389      5.40%    passed     92.50%
 424  KY014319      0.86%    passed     99.93%
 425  MF434521      0.02%    passed     99.47%
 426  KY785442      3.35%    passed     97.85%
 427  MF801410      0.88%    passed     99.86%
 428  OK054426      0.05%    passed     99.09%
 429  OK054428      0.00%    passed     99.00%
 430  OK054445      0.14%    passed     99.51%
 431  OK054447      0.14%    passed     99.30%
 432  OK054475      0.05%    passed     99.69%
 433  OK054463      0.03%    passed     99.29%
 434  OK054417      0.19%    passed     99.53%
 435  MF801401      6.38%    passed     99.18%
 436  MF801417      1.09%    passed     99.62%
 437  KU870645      0.00%    passed     99.55%
 438  KY606271      1.37%    passed     95.43%
 439  KY785431     20.78%    passed     99.53%
 440  KY325465      0.00%    passed     99.42%
 441  KY325479      0.18%    passed     99.47%
 442  MF801378      0.45%    passed     99.74%
 443  MF801403      1.36%    passed     99.92%
 444  MF159531      1.52%    passed     99.91%
 445  MH063262      1.40%    passed     99.93%
 446  OP858751     14.35%    passed     99.18%
 447  OP858742     39.79%    passed     65.74%
 448  OP858754      8.58%    passed     98.46%
 449  OP858761     11.25%    passed     95.58%
 450  OP858766      4.49%    passed     96.87%
 451  OP858743      2.13%    passed     99.93%
 452  OP858770      2.15%    passed     99.91%
 453  OP858758     19.57%    passed     95.12%
 454  MF988734      3.29%    passed     97.63%
 455  MF801406      0.98%    passed     99.99%
 456  KY606273      0.72%    passed     99.83%
 457  MF801399     14.77%    passed     83.79%
 458  MG494697      0.97%    passed     99.92%
 459  OK054415      0.00%    passed     99.91%
 460  OK054485      0.00%    passed     99.24%
 461  MF801383      5.18%    passed     95.23%
 462  OK054410      0.07%    passed     97.31%
 463  KX766029      0.30%    passed     99.04%
 464  MG595216      1.33%    passed     99.93%
 465  KX827268      0.00%    passed     97.81%
 466  MH157195     16.03%    passed     91.54%
 467  MH157208      1.00%    passed     99.94%
 468  MH157200      9.47%    passed     63.79%
 469  MH157204      3.23%    passed     99.64%
 470  KY765319     10.20%    passed     99.75%
 471  KY765320      0.26%    passed     98.06%
 472  MF098771      1.05%    passed     98.39%
 473  MH157214     24.97%    passed     95.71%
 474  MF801414      0.72%    passed     99.40%
 475  MH157203     12.94%    passed     98.01%
 476  MF801391      2.23%    passed     99.35%
 477  MF801397      2.85%    passed     99.70%
 478  MF801419     28.34%    passed     66.43%
 479  KY785458     40.28%    passed     71.75%
 480  MF801386      3.19%    passed     99.98%
 481  KY241788      0.21%    passed     95.04%
 482  KY558991     33.35%    passed     59.26%
 483  KY559025     16.98%    passed     99.45%
 484  KY441401      1.00%    passed     99.96%
 485  OK054375     11.56%    passed     93.23%
 486  OK054382      1.01%    passed     99.37%
 487  OP858738     20.50%    passed     91.40%
 488  OP858769      6.92%    passed     98.65%
 489  OP858784      2.13%    passed     99.83%
 490  OP858772      2.13%    passed     99.98%
 491  OP858780      8.47%    passed     99.36%
 492  OP858749      3.87%    passed     99.21%
 493  OP858755     28.68%    passed     82.60%
 494  KU761560      1.28%    passed     99.80%
 495  KU761561      1.28%    passed     99.92%
 496  KX013000      1.28%    passed     99.91%
 497  KU820899      0.00%    passed     98.02%
 498  KX117076      0.00%    passed     98.06%
 499  KX185891      4.62%    passed     99.82%
 500  KU955589      1.82%    passed     99.69%
 501  KX266255      0.01%    passed     97.75%
 502  KX253996      0.00%    passed     97.96%
 503  MG674718      0.00%    passed     98.06%
 504  MG674719      0.20%    passed     98.09%
 505  KY967711      1.29%    passed     98.40%
 506  MF036115      1.29%    passed     98.40%
 507  KU997667      0.53%    passed     96.94%
 508  KX447521     21.36%    passed     76.18%
 509  LC191864      0.00%    passed     97.86%
 510  KY014306      3.09%    passed     99.19%
 511  KY785461     45.63%    passed     82.50%
 512  KY785448      3.13%    passed     97.82%
 513  KY785452      4.74%    passed     89.53%
 514  MF801420     33.11%    passed     47.15%
 515  MW122388      4.62%    passed     99.03%
 516  MW122415      4.62%    passed     98.95%
 517  MW122452     13.13%    passed     93.66%
 518  MW122455      5.33%    passed     99.00%
 519  MW122409      4.62%    passed     98.92%
 520  MW122450      7.00%    passed     98.45%
 521  MW122413      5.45%    passed     99.53%
 522  MW122401     25.59%    passed     87.76%
 523  MW122390      8.83%    passed     91.35%
 524  MH063265      7.71%    passed     86.84%
 525  MK560178      8.01%    passed     92.92%
 526  OP858777     23.28%    passed     96.09%
 527  OP858768      8.35%    passed     96.48%
 528  OP858779     20.61%    passed     88.28%
 529  MW122394     15.01%    passed     95.98%
 530  MW122431      6.95%    passed     99.48%
 531  OP858733     26.23%    passed     86.77%
 532  OP858753      2.15%    passed     99.11%
 533  OP858756     11.80%    passed     97.60%
 534  OP858763      4.50%    passed     99.97%
 535  KY631492      0.40%    passed     99.61%
 536  MK216713      5.69%    passed     96.09%
 537  MK216727      6.05%    passed     91.37%
 538  MK216730     34.56%    passed     56.52%
 539  MK216703     25.36%    passed     62.43%
 540  MK216716     11.59%    passed     85.04%
 541  MK216710      9.61%    passed     81.63%
 542  MK216712     19.98%    passed     80.09%
 543  MK216715     13.22%    passed     81.21%
 544  MK216717     13.24%    passed     82.46%
 545  MK216714     13.24%    passed     78.94%
 546  MK216745      6.22%    passed     89.98%
 547  MK216731     25.30%    passed     84.79%
 548  MK216694     32.52%    passed     80.74%
 549  MK216687     12.27%    passed     72.33%
 550  MK216743     16.31%    passed     79.24%
 551  MK216690     12.20%    passed     77.65%
 552  MK216699     12.16%    passed     69.99%
 553  MK216747     24.61%    passed     89.94%
 554  KY693680      0.98%    passed     99.88%
 555  MK216698     10.21%    passed     74.90%
 556  MK216706     42.83%    passed     99.52%
 557  MK216711     43.28%    passed     99.53%
 558  MK216732     42.84%    passed     98.20%
 559  MK216704     46.55%    passed     83.15%
 560  MK216707     37.24%    passed     98.26%
 561  MK216729     46.96%    passed     99.09%
 562  MK216718     11.61%    passed     84.16%
 563  MK216736     38.45%    passed     92.20%
 564  MK216748     18.35%    passed     99.37%
 565  OQ338853      0.77%    passed     99.95%
 566  MK216738     26.28%    passed     86.65%
 567  MK216744     17.69%    passed     93.48%
 568  OL423649      6.55%    passed     91.80%
 569  OL423652     16.99%    passed     66.32%
 570  OL423654      6.47%    passed     91.63%
 571  OL423664      6.57%    passed     88.21%
 572  OL423648      7.62%    passed     84.89%
 573  OL423656      6.63%    passed     86.20%
 574  OL423667     12.07%    passed     68.52%
 575  OL423651     25.64%    passed     78.39%
 576  OL423657      6.50%    passed     90.74%
 577  MK216737     48.70%    passed     75.11%
 578  MK216741     15.90%    passed     93.30%
 579  KY785426      5.65%    passed     98.79%
 580  KY817930     49.98%    passed     37.36%
 581  KY785427      5.04%    passed     97.15%
 582  KY785471     48.61%    passed     25.80%
 583  KY785479      5.55%    passed     95.44%
 584  KY785433      6.87%    passed     97.48%
 585  MK216709     27.26%    passed     44.70%
 586  OQ727569     10.94%    passed     79.21%
 587  MN577544      0.00%    passed     99.72%
 588  KY014327      4.11%    passed     97.43%
 589  MF801422     32.22%    passed     61.67%
 590  OM522327      0.00%    passed     99.39%
 591  MF801408      3.47%    passed     99.98%
 592  KY785447     46.03%    passed     33.65%
 593  MH063261      3.94%    passed     94.14%
 594  KY785463     12.64%    passed     85.07%
 595  KY785473     33.37%    passed     96.57%
 596  MF098767      6.20%    passed     90.89%
 597  KY014309      7.74%    passed     99.01%
 598  KY785454     43.52%    passed     35.50%
 599  MF098770     10.79%    passed     99.54%
 600  KY558990     20.04%    passed     70.96%
 601  KY559021      6.57%    passed     90.46%
 602  MK216725     28.61%    passed     56.35%
 603  MW122441     19.55%    passed     90.85%
 604  KY785484      3.63%    passed     99.96%
 605  OP858767     42.53%    passed     77.32%
 606  OP858746     12.97%    passed     97.03%
 607  MW122424      7.48%    passed     99.48%
 608  LC219720      0.69%    passed    100.00%
 609  MW915411      1.17%    passed     99.95%
 610  MW915414      1.16%    passed     99.99%
 611  MW915413      4.23%    passed     98.11%
 612  MW915412     18.19%    passed     98.09%
 613  OP858744     27.88%    passed     80.60%
 614  OP858745     12.90%    passed     95.04%
 615  OP858775     11.01%    passed     97.04%
 616  KU681081      0.00%    passed     98.20%
 617  KX447520     16.92%    passed     67.38%
 618  MG807647      0.01%    passed     96.81%
 619  MT377491      1.14%    passed     99.13%
 620  MT377496      0.30%    passed     97.53%
 621  MT377497      1.56%    passed     99.17%
 622  MT377499      0.53%    passed     98.58%
 623  MK269361     29.27%    passed     63.15%
 624  KY241671      0.03%    passed     95.19%
 625  KY241673      0.28%    passed     97.54%
 626  KY241675      0.33%    passed     97.12%
 627  KY241679      0.16%    passed     95.47%
 628  KY241760      0.14%    passed     95.15%
 629  KY241694      0.14%    passed     95.15%
 630  KY241682      0.14%    passed     96.40%
 631  KY241690      0.13%    passed     95.46%
 632  KY241758      0.13%    passed     95.15%
 633  KY241693      0.00%    passed     94.82%
 634  KY241710      0.00%    passed     94.09%
 635  KY241731      0.00%    passed     93.31%
 636  KY241736      0.00%    passed     94.82%
 637  KY241695      0.00%    passed     94.45%
 638  KY241701      0.07%    passed     95.17%
 639  KY241742      0.07%    passed     95.17%
 640  KY241750      0.07%    passed     95.16%
 641  KY241753      0.07%    passed     95.17%
 642  KY241763      0.06%    passed     94.84%
 643  KY241765      0.03%    passed     94.48%
 644  KY241772      0.03%    passed     94.48%
 645  KY241703      0.07%    passed     95.16%
 646  KY241748      0.29%    passed     96.63%
 647  KY241707      0.24%    passed     96.08%
 648  KY241713      0.05%    passed     96.12%
 649  KY241727      0.30%    passed     96.90%
 650  KY241716      0.00%    passed     93.96%
 651  KY241734      0.06%    passed     93.19%
 652  KY241692      0.50%    passed     95.33%
 653  KY241767      0.72%    passed     96.68%
 654  KY241674      2.23%    passed     93.73%
 655  KY241684      0.29%    passed     95.99%
 656  KY241756      0.29%    passed     96.02%
 657  KY241687      0.18%    passed     95.12%
 658  KY241683      1.61%    passed     95.80%
 659  KY241696      0.01%    passed     94.11%
 660  MH255601      2.65%    passed     99.46%
 661  KY241697      0.47%    passed     95.14%
 662  KY241766      2.71%    passed     98.49%
 663  MG807646      0.00%    passed     92.80%
 664  MT377500      0.20%    passed     99.71%
 665  MF996804      0.00%    passed     89.60%
 666  MG548661      0.00%    passed     90.55%
 667  MG548660      0.00%    passed     88.02%
 668  MT377492      1.40%    passed     97.15%
 669  OQ661913      0.66%    passed     98.74%
 670  OQ661912      0.66%    passed     99.20%
 671  MZ008356      0.78%    passed     93.41%
 672  MF692778      2.93%    passed     99.99%
 673  ON209935      2.15%    passed     98.64%
 674  MH013290      0.07%    passed     93.01%
 675  MT377494      0.35%    passed     94.76%
 676  MT377495      0.52%    passed     88.66%
 677  OM964565      1.50%    passed     93.15%
 678  OQ661919      0.67%    passed     98.09%
 679  OR264633      1.56%    passed     93.55%
 680  OR264636      1.56%    passed     94.29%
 681  OR264640      1.56%    passed     92.10%
 682  OR264641      1.56%    passed     92.95%
 683  MT377501      1.76%    passed     92.32%
 684  ON142672      1.50%    passed     98.65%
 685  ON142673      1.50%    passed     98.65%
 686  OR264631      1.56%    passed     98.44%
 687  OR264634      1.56%    passed     98.88%
 688  OR264637      2.56%    passed     99.52%
 689  OR264632      1.56%    passed     99.66%
 690  OM964567      1.50%    passed     96.26%
 691  OR264635      1.56%    passed     92.13%
 692  OQ661917      0.66%    passed     95.95%
 693  ON142671      1.50%    passed     96.65%
 694  OM964566      1.50%    passed     98.07%
 695  KY241712      0.00%    passed     93.70%
 696  OR264638      1.87%    passed     96.64%
 697  OR264639      1.56%    passed     96.09%
 698  MN190155      1.29%    passed     99.86%
 699  MN611472      0.00%    passed     99.35%
 700  OM964568      1.50%    passed     99.40%
 701  OR264642      1.56%    passed     99.54%
 702  OR264644      1.56%    passed     99.98%
 703  ON142674      1.50%    passed     99.84%
 704  OR264643      1.62%    passed     99.34%
 705  OR264646      1.56%    passed     99.07%
 706  OR264647      1.56%    passed     99.37%
 707  OR264645      1.56%    passed     99.56%
 708  OQ734448      5.78%    passed     97.04%
 709  OQ727573     10.81%    passed     90.33%
 710  KY785412     14.37%    passed     94.76%
 711  KY785419      3.84%    passed     87.38%
 712  KY785457     34.56%    passed     68.19%
 713  MW123923      2.02%    passed     98.72%
 714  MW123924      4.24%    passed     99.73%
 715  KY785416     47.59%    passed     28.44%
 716  PQ567007      2.11%    passed     99.92%
 717  OP858737      3.92%    passed     99.02%
 718  OP858752     27.91%    passed     95.14%
 719  OP858773     33.73%    passed     60.49%
 720  OP858774      2.13%    passed     99.41%
 721  OP858776     18.88%    passed     89.52%
 722  KY785456      7.87%    passed     99.51%
 723  OP858771     49.81%    passed     53.19%
 724  KX051560      0.01%    passed     91.83%
 725  MK216692     19.66%    passed     64.55%
 726  KY559006      7.51%    passed     97.45%
 727  MK216691     21.00%    passed     88.01%
 728  KF993678      5.83%    passed     99.99%
 729  KX694532      0.14%    passed     94.75%
 730  KY272987      0.00%    passed     94.69%
 731  MT377498      1.49%    passed     98.26%
 732  KX051561      0.02%    passed     99.54%
 733  MH119185      0.04%    passed     97.35%
 734  OQ661916      0.66%    passed     98.60%
 735  MT377493      1.03%    passed     98.88%
 736  KX051562      0.03%    passed     96.14%
 737  MT377503      1.51%    passed     99.60%
 738  OP858759     45.23%    passed     57.75%
 739  OQ727576     11.71%    passed     98.03%
 740  KY325475     47.27%    passed     11.37%
 741  OK054441      1.72%    passed     98.52%
 742  KY325467      1.50%    passed     98.60%
 743  MK269358     49.85%    passed     57.18%
 744  KY785446     35.04%    passed     99.25%
 745  KY785480     10.60%    passed     98.81%
 746  PQ129494      1.25%    passed     97.91%
 747  PQ129495      1.23%    passed     99.20%
 748  PQ203661      1.25%    passed     99.73%
 749  OQ661915      0.66%    passed     99.16%
 750  OK054380     45.67%    passed     87.48%
 751  OK054411      2.69%    passed     98.79%
 752  OP858782     10.53%    passed     97.03%
 753  MK238035      3.69%    passed     96.44%
 754  MK238037      0.18%    passed     91.91%
 755  MK238038      4.93%    passed     82.54%
 756  MK238039     40.10%    passed     12.67%
 757  MK238036     18.55%    passed     16.12%
 758  PQ008648      1.28%    passed     99.58%
 759  PQ551086     10.11%    passed     85.49%
 760  PQ551087      4.40%    passed     99.94%
 761  PQ551088      1.11%    passed     97.99%
 762  OM666891      1.02%    passed     99.17%
 763  OM666892      1.18%    passed     97.34%
 764  OM666893      2.67%    passed     91.44%
 765  MF801400      6.95%    passed     98.76%
 766  OP858748     45.22%    passed     82.71%
 767  MF801416     48.92%    passed     76.57%
 768  OK054370      3.61%    passed     96.29%
 769  OP858765     14.31%    passed     95.82%
 770  OK054376      9.32%    passed     99.88%
 771  OP858739     25.49%    passed     66.16%
 772  MF801411      8.01%    passed     94.09%
 773  MK049251     17.88%    passed     89.77%
 774  MK829153     18.90%    passed     92.53%
 775  MK829152     35.87%    passed     97.54%
 776  OL423663     12.53%    passed     90.04%
 777  OL423658     22.50%    passed     98.56%
 778  OL423655     17.52%    passed     92.76%
 779  OP858781      6.84%    passed     94.27%
 780  MW122379      6.87%    passed     95.58%
 781  MW122387     13.95%    passed     85.62%
 782  MW122386     11.82%    passed     85.32%
 783  MW122398     16.83%    passed     96.96%
 784  OP858762     32.05%    passed     56.16%
 785  MW122426      9.28%    passed     97.91%
 786  MF801415     31.90%    passed     88.24%
 787  MF801423      6.00%    passed     98.95%
 788  MK829154     11.16%    passed     92.78%
 789  KY014311     27.00%    passed     48.49%
 790  MK216719     18.92%    passed     85.68%
 791  MK216720     25.07%    passed     61.45%
 792  OQ338852      5.49%    passed     99.82%
 793  MK216740     29.97%    passed     81.80%
 794  MK216742     18.64%    passed     91.50%
 795  OL423661     14.28%    passed     93.17%
 796  MH063263     15.93%    passed     85.72%
 797  OL423665     43.70%    passed     62.16%
 798  KY606274      6.67%    passed     95.80%
 799  KY785449     48.43%    passed     31.64%
 800  OL423666     15.15%    passed     94.75%
 801  OL423669     24.20%    passed     88.95%
 802  OL423659     17.75%    passed     87.97%
 803  MH157196     34.94%    passed     67.13%
 804  MH157206     11.42%    passed     96.05%
 805  MH157209      7.05%    passed     96.53%
 806  MH157212     20.42%    passed     41.79%
 807  MH157197     49.61%    passed     33.24%
 808  OP858734     25.38%    passed     61.91%
 809  MH157210     12.94%    passed     94.67%
 810  MH157211     32.37%    passed     70.89%
 811  OK054374      8.50%    passed     98.52%
 812  OL423660     17.77%    passed     68.48%
 813  OL423668     24.28%    passed     92.78%
 814  OL423662     24.02%    passed     96.21%
 815  MH063260     26.20%    passed     66.20%
 816  OP858764     11.59%    passed     81.89%
 817  MH063259     26.40%    passed     95.93%
 818  MT439638     20.05%    passed     73.95%
 819  OK054377     15.02%    passed     73.54%
 820  OL423650     22.55%    passed     97.67%
 821  MT439647     27.81%    passed     92.44%
 822  KY785430     20.13%    passed     86.41%
 823  MT439645     32.79%    passed     88.60%
 824  MF801385     17.62%    passed     89.76%
 825  MF801380     17.76%    passed     85.70%
 826  KY325478     23.86%    passed     97.96%
 827  MF801407     26.54%    passed     83.36%
 828  MH157207     18.31%    passed     74.37%
 829  MF801393     22.67%    passed     37.54%
 830  KX101060     26.44%    passed     39.12%
 831  MF801404     22.41%    passed     98.99%
 832  MF434520     46.84%    passed     67.59%
 833  KY325471     24.03%    passed     55.24%
 834  KX101061     23.13%    passed     91.17%
 835  KX101066     27.25%    passed     77.95%
 836  MF434519     41.05%    passed     80.99%
 837  KX101064     36.74%    passed     91.22%
 838  OK054379     38.75%    passed     98.05%
 839  KY325466     39.41%    passed     58.73%
 840  KY325481     41.75%    passed     95.17%
****  TOTAL         7.74%  0 sequences failed composition chi2 test (p-value<5%; df=3)
NOTE: PP431216 is identical to PP431215 but kept for subsequent analysis
NOTE: OP858732 is identical to OP858731 but kept for subsequent analysis
NOTE: MH882546 is identical to MH882545 but kept for subsequent analysis
NOTE: MN566105 is identical to MN566104 but kept for subsequent analysis
NOTE: MF098769 is identical to MF098768 but kept for subsequent analysis
NOTE: KY325472 is identical to KY014295 but kept for subsequent analysis
NOTE: KY765327 is identical to KY765325 but kept for subsequent analysis
NOTE: MF036115 is identical to KY967711 but kept for subsequent analysis
NOTE: KY241742 is identical to KY241701 but kept for subsequent analysis
NOTE: KY241772 is identical to KY241765 but kept for subsequent analysis
NOTE: 5 identical sequences (see below) will be ignored for subsequent analysis
NOTE: MH882548 (identical to MH882545) is ignored but added at the end
NOTE: MN566107 (identical to MN566104) is ignored but added at the end
NOTE: MN566108 (identical to MN566104) is ignored but added at the end
NOTE: MK269359 (identical to KY014295) is ignored but added at the end
NOTE: KY241753 (identical to KY241701) is ignored but added at the end
Alignment was printed to filt-aligned-delim.fasta.uniqueseq.phy

For your convenience alignment with unique sequences printed to filt-aligned-delim.fasta.uniqueseq.phy

Create initial parsimony tree by phylogenetic likelihood library (PLL)... 1.200 seconds

NOTE: 237 MB RAM (0 GB) is required!
Measuring multi-threading efficiency up to 4 CPU cores
4 trees examined
Threads: 1 / Time: 5.296 sec / Speedup: 1.000 / Efficiency: 100% / LogL: -231582
Threads: 2 / Time: 2.198 sec / Speedup: 2.409 / Efficiency: 120% / LogL: -231582
Threads: 3 / Time: 1.597 sec / Speedup: 3.315 / Efficiency: 111% / LogL: -231582
Threads: 4 / Time: 1.378 sec / Speedup: 3.843 / Efficiency: 96% / LogL: -231582
BEST NUMBER OF THREADS: 4

Estimate model parameters (epsilon = 0.500)
1. Initial log-likelihood: -92533.344
2. Current log-likelihood: -86176.837
Optimal log-likelihood: -86176.511
Rate parameters:  A-C: 1.28071  A-G: 7.29738  A-T: 1.44012  C-G: 0.57025  C-T: 20.65029  G-T: 1.00000
Base frequencies:  A: 0.274  C: 0.220  G: 0.292  T: 0.214
Parameters optimization took 2 rounds (8.295 sec)
Wrote distance file to... 
Computing ML distances based on estimated model parameters...
Calculating distance matrix: done in 1.8873 secs using 399.5% CPU
Computing ML distances took 1.898795 sec (of wall-clock time) 7.582930 sec (of CPU time)
Setting up auxiliary I and S matrices: done in 0.0164267 secs using 191.1% CPU
Computing RapidNJ tree took 0.066052 sec (of wall-clock time) 0.123996 sec (of CPU time)
Log-likelihood of RapidNJ tree: -87776.241
--------------------------------------------------------------------
|             INITIALIZING CANDIDATE TREE SET                      |
--------------------------------------------------------------------

Do NNI search on 2 best initial trees
Estimate model parameters (epsilon = 0.500)
BETTER TREE FOUND at iteration 1: -86094.440
Finish initializing candidate tree set (4)
Current best tree score: -86094.440 / CPU time: 10.435
Number of iterations: 2
TREE SEARCH COMPLETED AFTER 2 ITERATIONS / Time: 0h:0m:34s

--------------------------------------------------------------------
|                    FINALIZING TREE SEARCH                        |
--------------------------------------------------------------------
Performs final model parameters optimization
Estimate model parameters (epsilon = 0.050)
1. Initial log-likelihood: -86094.440
Optimal log-likelihood: -86094.437
Rate parameters:  A-C: 1.27513  A-G: 7.29906  A-T: 1.43412  C-G: 0.56434  C-T: 20.65231  G-T: 1.00000
Base frequencies:  A: 0.274  C: 0.220  G: 0.292  T: 0.214
Parameters optimization took 1 rounds (0.896 sec)
BEST SCORE FOUND : -86094.437
Total tree length: 0.894

Total number of iterations: 2
CPU time used for tree search: 41.521 sec (0h:0m:41s)
Wall-clock time used for tree search: 10.437 sec (0h:0m:10s)
Total CPU time used: 114.266 sec (0h:1m:54s)
Total wall-clock time used: 35.687 sec (0h:0m:35s)

Analysis results written to: 
  IQ-TREE report:                filt-aligned-delim.fasta.iqtree
  Maximum-likelihood tree:       filt-aligned-delim.fasta.treefile
  Likelihood distances:          filt-aligned-delim.fasta.mldist
  Screen log file:               filt-aligned-delim.fasta.log

Date and Time: Wed Jan  8 06:38:00 2025
